<?xml version="1.0" encoding="UTF-8"?>
<!-- Generated by org.testng.reporters.JUnitReportReporter -->
<testsuite skipped="0" hostname="LAPTOP-SMC8HIAI" name="testng.Sumo" tests="1" failures="0" timestamp="2021-11-06T15:46:13 IST" time="0.008" errors="0">
  <testcase name="c" time="0.008" classname="testng.Sumo"/>
  <system-out>
    <![CDATA[Sumo class]]>
  </system-out>
</testsuite> <!-- testng.Sumo -->
