<?xml version="1.0" encoding="UTF-8"?>
<!-- Generated by org.testng.reporters.JUnitReportReporter -->
<testsuite skipped="0" hostname="LAPTOP-SMC8HIAI" name="parallelExecution.TestActiTimeLogin" tests="2" failures="0" timestamp="2021-11-16T08:34:02 IST" time="19.729" errors="0">
  <testcase name="testValidLogin" time="8.298" classname="parallelExecution.TestActiTimeLogin"/>
  <system-out/>
  <testcase name="testValidLogin" time="11.431" classname="parallelExecution.TestActiTimeLogin"/>
  <system-out/>
</testsuite> <!-- parallelExecution.TestActiTimeLogin -->
