<?xml version="1.0" encoding="UTF-8"?>
<!-- Generated by org.testng.reporters.JUnitReportReporter -->
<testsuite skipped="0" hostname="LAPTOP-SMC8HIAI" name="parallelExecution.Class2" tests="1" failures="0" timestamp="2021-11-16T08:44:45 IST" time="29.932" errors="0">
  <testcase name="google2" time="29.932" classname="parallelExecution.Class2"/>
  <system-out/>
</testsuite> <!-- parallelExecution.Class2 -->
