<?xml version="1.0" encoding="UTF-8"?>
<!-- Generated by org.testng.reporters.JUnitReportReporter -->
<testsuite skipped="0" hostname="LAPTOP-SMC8HIAI" name="testngFlags.Demo" tests="1" failures="0" timestamp="2021-11-08T10:03:51 IST" time="0.016" errors="0">
  <testcase name="login" time="0.016" classname="testngFlags.Demo"/>
  <system-out>
    <![CDATA[login test case]]>
  </system-out>
</testsuite> <!-- testngFlags.Demo -->
