<?xml version="1.0" encoding="UTF-8"?>
<!-- Generated by org.testng.reporters.JUnitReportReporter -->
<testsuite skipped="0" hostname="LAPTOP-SMC8HIAI" name="testNGAnnotations.TestScriptValidLogin" tests="1" failures="0" timestamp="2021-11-13T09:26:45 IST" time="8.125" errors="0">
  <testcase name="validLogin" time="8.125" classname="testNGAnnotations.TestScriptValidLogin"/>
  <system-out/>
</testsuite> <!-- testNGAnnotations.TestScriptValidLogin -->
