<?xml version="1.0" encoding="UTF-8"?>
<!-- Generated by org.testng.reporters.JUnitReportReporter -->
<testsuite skipped="0" hostname="LAPTOP-SMC8HIAI" name="testng1.Demo1" tests="3" failures="0" timestamp="2021-11-08T09:54:23 IST" time="0.000" errors="0">
  <testcase name="a" time="0.000" classname="testng1.Demo1"/>
  <system-out>
    <![CDATA[Demo1 class]]>
  </system-out>
  <testcase name="a" time="0.000" classname="testng1.Demo1"/>
  <system-out>
    <![CDATA[Demo1 class]]>
  </system-out>
  <testcase name="a" time="0.000" classname="testng1.Demo1"/>
  <system-out>
    <![CDATA[Demo1 class]]>
  </system-out>
</testsuite> <!-- testng1.Demo1 -->
