<?xml version="1.0" encoding="UTF-8"?>
<!-- Generated by org.testng.reporters.JUnitReportReporter -->
<testsuite skipped="0" hostname="LAPTOP-SMC8HIAI" name="testngFlags.Flag8" tests="6" failures="0" timestamp="2021-11-10T08:57:02 IST" time="0.000" errors="0">
  <testcase name="it2" time="0.000" classname="testngFlags.Flag8"/>
  <system-out>
    <![CDATA[it2 test case]]>
  </system-out>
  <testcase name="it5" time="0.000" classname="testngFlags.Flag8"/>
  <system-out>
    <![CDATA[it5 test case]]>
  </system-out>
  <testcase name="it1" time="0.000" classname="testngFlags.Flag8"/>
  <system-out>
    <![CDATA[it1 test case]]>
  </system-out>
  <testcase name="it4" time="0.000" classname="testngFlags.Flag8"/>
  <system-out>
    <![CDATA[it4 test case]]>
  </system-out>
  <testcase name="it6" time="0.000" classname="testngFlags.Flag8"/>
  <system-out>
    <![CDATA[it6 test case]]>
  </system-out>
  <testcase name="it3" time="0.000" classname="testngFlags.Flag8"/>
  <system-out>
    <![CDATA[it3 test case]]>
  </system-out>
</testsuite> <!-- testngFlags.Flag8 -->
