<?xml version="1.0" encoding="UTF-8"?>
<!-- Generated by org.testng.reporters.JUnitReportReporter -->
<testsuite skipped="0" hostname="LAPTOP-SMC8HIAI" name="testngFlags.NewFlag" tests="1" failures="0" timestamp="2021-11-08T10:09:20 IST" time="0.000" errors="0">
  <testcase name="f" time="0.000" classname="testngFlags.NewFlag"/>
  <system-out>
    <![CDATA[hiiiii]]>
  </system-out>
</testsuite> <!-- testngFlags.NewFlag -->
