<?xml version="1.0" encoding="UTF-8"?>
<!-- Generated by org.testng.reporters.JUnitReportReporter -->
<testsuite skipped="0" hostname="LAPTOP-SMC8HIAI" name="parallelExecution.Class1" tests="1" failures="0" timestamp="2021-11-16T08:44:45 IST" time="28.636" errors="0">
  <testcase name="google1" time="28.636" classname="parallelExecution.Class1"/>
  <system-out/>
</testsuite> <!-- parallelExecution.Class1 -->
