<?xml version="1.0" encoding="UTF-8"?>
<!-- Generated by org.testng.reporters.JUnitReportReporter -->
<testsuite skipped="0" hostname="LAPTOP-SMC8HIAI" name="testngFlags.Flag3" tests="101" failures="0" timestamp="2021-11-09T08:24:48 IST" time="0.098" errors="0">
  <testcase name="a" time="0.001" classname="testngFlags.Flag3"/>
  <system-out>
    <![CDATA[hi I am inconsistent bug]]>
  </system-out>
  <testcase name="a" time="0.000" classname="testngFlags.Flag3"/>
  <system-out>
    <![CDATA[hi I am inconsistent bug]]>
  </system-out>
  <testcase name="a" time="0.000" classname="testngFlags.Flag3"/>
  <system-out>
    <![CDATA[hi I am inconsistent bug]]>
  </system-out>
  <testcase name="a" time="0.000" classname="testngFlags.Flag3"/>
  <system-out>
    <![CDATA[hi I am inconsistent bug]]>
  </system-out>
  <testcase name="a" time="0.002" classname="testngFlags.Flag3"/>
  <system-out>
    <![CDATA[hi I am inconsistent bug]]>
  </system-out>
  <testcase name="a" time="0.000" classname="testngFlags.Flag3"/>
  <system-out>
    <![CDATA[hi I am inconsistent bug]]>
  </system-out>
  <testcase name="a" time="0.001" classname="testngFlags.Flag3"/>
  <system-out>
    <![CDATA[hi I am inconsistent bug]]>
  </system-out>
  <testcase name="a" time="0.001" classname="testngFlags.Flag3"/>
  <system-out>
    <![CDATA[hi I am inconsistent bug]]>
  </system-out>
  <testcase name="a" time="0.001" classname="testngFlags.Flag3"/>
  <system-out>
    <![CDATA[hi I am inconsistent bug]]>
  </system-out>
  <testcase name="a" time="0.001" classname="testngFlags.Flag3"/>
  <system-out>
    <![CDATA[hi I am inconsistent bug]]>
  </system-out>
  <testcase name="a" time="0.000" classname="testngFlags.Flag3"/>
  <system-out>
    <![CDATA[hi I am inconsistent bug]]>
  </system-out>
  <testcase name="a" time="0.001" classname="testngFlags.Flag3"/>
  <system-out>
    <![CDATA[hi I am inconsistent bug]]>
  </system-out>
  <testcase name="a" time="0.002" classname="testngFlags.Flag3"/>
  <system-out>
    <![CDATA[hi I am inconsistent bug]]>
  </system-out>
  <testcase name="a" time="0.001" classname="testngFlags.Flag3"/>
  <system-out>
    <![CDATA[hi I am inconsistent bug]]>
  </system-out>
  <testcase name="a" time="0.000" classname="testngFlags.Flag3"/>
  <system-out>
    <![CDATA[hi I am inconsistent bug]]>
  </system-out>
  <testcase name="a" time="0.002" classname="testngFlags.Flag3"/>
  <system-out>
    <![CDATA[hi I am inconsistent bug]]>
  </system-out>
  <testcase name="a" time="0.000" classname="testngFlags.Flag3"/>
  <system-out>
    <![CDATA[hi I am inconsistent bug]]>
  </system-out>
  <testcase name="a" time="0.001" classname="testngFlags.Flag3"/>
  <system-out>
    <![CDATA[hi I am inconsistent bug]]>
  </system-out>
  <testcase name="a" time="0.002" classname="testngFlags.Flag3"/>
  <system-out>
    <![CDATA[hi I am inconsistent bug]]>
  </system-out>
  <testcase name="a" time="0.001" classname="testngFlags.Flag3"/>
  <system-out>
    <![CDATA[hi I am inconsistent bug]]>
  </system-out>
  <testcase name="a" time="0.002" classname="testngFlags.Flag3"/>
  <system-out>
    <![CDATA[hi I am inconsistent bug]]>
  </system-out>
  <testcase name="a" time="0.000" classname="testngFlags.Flag3"/>
  <system-out>
    <![CDATA[hi I am inconsistent bug]]>
  </system-out>
  <testcase name="a" time="0.001" classname="testngFlags.Flag3"/>
  <system-out>
    <![CDATA[hi I am inconsistent bug]]>
  </system-out>
  <testcase name="a" time="0.001" classname="testngFlags.Flag3"/>
  <system-out>
    <![CDATA[hi I am inconsistent bug]]>
  </system-out>
  <testcase name="a" time="0.002" classname="testngFlags.Flag3"/>
  <system-out>
    <![CDATA[hi I am inconsistent bug]]>
  </system-out>
  <testcase name="a" time="0.001" classname="testngFlags.Flag3"/>
  <system-out>
    <![CDATA[hi I am inconsistent bug]]>
  </system-out>
  <testcase name="a" time="0.001" classname="testngFlags.Flag3"/>
  <system-out>
    <![CDATA[hi I am inconsistent bug]]>
  </system-out>
  <testcase name="a" time="0.000" classname="testngFlags.Flag3"/>
  <system-out>
    <![CDATA[hi I am inconsistent bug]]>
  </system-out>
  <testcase name="a" time="0.001" classname="testngFlags.Flag3"/>
  <system-out>
    <![CDATA[hi I am inconsistent bug]]>
  </system-out>
  <testcase name="a" time="0.000" classname="testngFlags.Flag3"/>
  <system-out>
    <![CDATA[hi I am inconsistent bug]]>
  </system-out>
  <testcase name="a" time="0.001" classname="testngFlags.Flag3"/>
  <system-out>
    <![CDATA[hi I am inconsistent bug]]>
  </system-out>
  <testcase name="a" time="0.001" classname="testngFlags.Flag3"/>
  <system-out>
    <![CDATA[hi I am inconsistent bug]]>
  </system-out>
  <testcase name="a" time="0.001" classname="testngFlags.Flag3"/>
  <system-out>
    <![CDATA[hi I am inconsistent bug]]>
  </system-out>
  <testcase name="a" time="0.001" classname="testngFlags.Flag3"/>
  <system-out>
    <![CDATA[hi I am inconsistent bug]]>
  </system-out>
  <testcase name="a" time="0.001" classname="testngFlags.Flag3"/>
  <system-out>
    <![CDATA[hi I am inconsistent bug]]>
  </system-out>
  <testcase name="a" time="0.001" classname="testngFlags.Flag3"/>
  <system-out>
    <![CDATA[hi I am inconsistent bug]]>
  </system-out>
  <testcase name="a" time="0.003" classname="testngFlags.Flag3"/>
  <system-out>
    <![CDATA[hi I am inconsistent bug]]>
  </system-out>
  <testcase name="a" time="0.001" classname="testngFlags.Flag3"/>
  <system-out>
    <![CDATA[hi I am inconsistent bug]]>
  </system-out>
  <testcase name="a" time="0.002" classname="testngFlags.Flag3"/>
  <system-out>
    <![CDATA[hi I am inconsistent bug]]>
  </system-out>
  <testcase name="a" time="0.009" classname="testngFlags.Flag3"/>
  <system-out>
    <![CDATA[hi I am inconsistent bug]]>
  </system-out>
  <testcase name="a" time="0.001" classname="testngFlags.Flag3"/>
  <system-out>
    <![CDATA[hi I am inconsistent bug]]>
  </system-out>
  <testcase name="a" time="0.001" classname="testngFlags.Flag3"/>
  <system-out>
    <![CDATA[hi I am inconsistent bug]]>
  </system-out>
  <testcase name="a" time="0.000" classname="testngFlags.Flag3"/>
  <system-out>
    <![CDATA[hi I am inconsistent bug]]>
  </system-out>
  <testcase name="a" time="0.001" classname="testngFlags.Flag3"/>
  <system-out>
    <![CDATA[hi I am inconsistent bug]]>
  </system-out>
  <testcase name="a" time="0.000" classname="testngFlags.Flag3"/>
  <system-out>
    <![CDATA[hi I am inconsistent bug]]>
  </system-out>
  <testcase name="a" time="0.001" classname="testngFlags.Flag3"/>
  <system-out>
    <![CDATA[hi I am inconsistent bug]]>
  </system-out>
  <testcase name="a" time="0.000" classname="testngFlags.Flag3"/>
  <system-out>
    <![CDATA[hi I am inconsistent bug]]>
  </system-out>
  <testcase name="a" time="0.001" classname="testngFlags.Flag3"/>
  <system-out>
    <![CDATA[hi I am inconsistent bug]]>
  </system-out>
  <testcase name="a" time="0.001" classname="testngFlags.Flag3"/>
  <system-out>
    <![CDATA[hi I am inconsistent bug]]>
  </system-out>
  <testcase name="a" time="0.001" classname="testngFlags.Flag3"/>
  <system-out>
    <![CDATA[hi I am inconsistent bug]]>
  </system-out>
  <testcase name="a" time="0.001" classname="testngFlags.Flag3"/>
  <system-out>
    <![CDATA[hi I am inconsistent bug]]>
  </system-out>
  <testcase name="a" time="0.001" classname="testngFlags.Flag3"/>
  <system-out>
    <![CDATA[hi I am inconsistent bug]]>
  </system-out>
  <testcase name="a" time="0.001" classname="testngFlags.Flag3"/>
  <system-out>
    <![CDATA[hi I am inconsistent bug]]>
  </system-out>
  <testcase name="a" time="0.001" classname="testngFlags.Flag3"/>
  <system-out>
    <![CDATA[hi I am inconsistent bug]]>
  </system-out>
  <testcase name="a" time="0.000" classname="testngFlags.Flag3"/>
  <system-out>
    <![CDATA[hi I am inconsistent bug]]>
  </system-out>
  <testcase name="a" time="0.001" classname="testngFlags.Flag3"/>
  <system-out>
    <![CDATA[hi I am inconsistent bug]]>
  </system-out>
  <testcase name="a" time="0.000" classname="testngFlags.Flag3"/>
  <system-out>
    <![CDATA[hi I am inconsistent bug]]>
  </system-out>
  <testcase name="a" time="0.001" classname="testngFlags.Flag3"/>
  <system-out>
    <![CDATA[hi I am inconsistent bug]]>
  </system-out>
  <testcase name="a" time="0.001" classname="testngFlags.Flag3"/>
  <system-out>
    <![CDATA[hi I am inconsistent bug]]>
  </system-out>
  <testcase name="a" time="0.001" classname="testngFlags.Flag3"/>
  <system-out>
    <![CDATA[hi I am inconsistent bug]]>
  </system-out>
  <testcase name="a" time="0.001" classname="testngFlags.Flag3"/>
  <system-out>
    <![CDATA[hi I am inconsistent bug]]>
  </system-out>
  <testcase name="a" time="0.000" classname="testngFlags.Flag3"/>
  <system-out>
    <![CDATA[hi I am inconsistent bug]]>
  </system-out>
  <testcase name="a" time="0.001" classname="testngFlags.Flag3"/>
  <system-out>
    <![CDATA[hi I am inconsistent bug]]>
  </system-out>
  <testcase name="a" time="0.000" classname="testngFlags.Flag3"/>
  <system-out>
    <![CDATA[hi I am inconsistent bug]]>
  </system-out>
  <testcase name="a" time="0.001" classname="testngFlags.Flag3"/>
  <system-out>
    <![CDATA[hi I am inconsistent bug]]>
  </system-out>
  <testcase name="a" time="0.001" classname="testngFlags.Flag3"/>
  <system-out>
    <![CDATA[hi I am inconsistent bug]]>
  </system-out>
  <testcase name="a" time="0.001" classname="testngFlags.Flag3"/>
  <system-out>
    <![CDATA[hi I am inconsistent bug]]>
  </system-out>
  <testcase name="a" time="0.001" classname="testngFlags.Flag3"/>
  <system-out>
    <![CDATA[hi I am inconsistent bug]]>
  </system-out>
  <testcase name="a" time="0.000" classname="testngFlags.Flag3"/>
  <system-out>
    <![CDATA[hi I am inconsistent bug]]>
  </system-out>
  <testcase name="a" time="0.001" classname="testngFlags.Flag3"/>
  <system-out>
    <![CDATA[hi I am inconsistent bug]]>
  </system-out>
  <testcase name="a" time="0.001" classname="testngFlags.Flag3"/>
  <system-out>
    <![CDATA[hi I am inconsistent bug]]>
  </system-out>
  <testcase name="a" time="0.001" classname="testngFlags.Flag3"/>
  <system-out>
    <![CDATA[hi I am inconsistent bug]]>
  </system-out>
  <testcase name="b" time="0.001" classname="testngFlags.Flag3"/>
  <system-out>
    <![CDATA[hi]]>
  </system-out>
  <testcase name="a" time="0.001" classname="testngFlags.Flag3"/>
  <system-out>
    <![CDATA[hi I am inconsistent bug]]>
  </system-out>
  <testcase name="a" time="0.001" classname="testngFlags.Flag3"/>
  <system-out>
    <![CDATA[hi I am inconsistent bug]]>
  </system-out>
  <testcase name="a" time="0.001" classname="testngFlags.Flag3"/>
  <system-out>
    <![CDATA[hi I am inconsistent bug]]>
  </system-out>
  <testcase name="a" time="0.001" classname="testngFlags.Flag3"/>
  <system-out>
    <![CDATA[hi I am inconsistent bug]]>
  </system-out>
  <testcase name="a" time="0.001" classname="testngFlags.Flag3"/>
  <system-out>
    <![CDATA[hi I am inconsistent bug]]>
  </system-out>
  <testcase name="a" time="0.001" classname="testngFlags.Flag3"/>
  <system-out>
    <![CDATA[hi I am inconsistent bug]]>
  </system-out>
  <testcase name="a" time="0.001" classname="testngFlags.Flag3"/>
  <system-out>
    <![CDATA[hi I am inconsistent bug]]>
  </system-out>
  <testcase name="a" time="0.001" classname="testngFlags.Flag3"/>
  <system-out>
    <![CDATA[hi I am inconsistent bug]]>
  </system-out>
  <testcase name="a" time="0.000" classname="testngFlags.Flag3"/>
  <system-out>
    <![CDATA[hi I am inconsistent bug]]>
  </system-out>
  <testcase name="a" time="0.001" classname="testngFlags.Flag3"/>
  <system-out>
    <![CDATA[hi I am inconsistent bug]]>
  </system-out>
  <testcase name="a" time="0.002" classname="testngFlags.Flag3"/>
  <system-out>
    <![CDATA[hi I am inconsistent bug]]>
  </system-out>
  <testcase name="a" time="0.001" classname="testngFlags.Flag3"/>
  <system-out>
    <![CDATA[hi I am inconsistent bug]]>
  </system-out>
  <testcase name="a" time="0.000" classname="testngFlags.Flag3"/>
  <system-out>
    <![CDATA[hi I am inconsistent bug]]>
  </system-out>
  <testcase name="a" time="0.001" classname="testngFlags.Flag3"/>
  <system-out>
    <![CDATA[hi I am inconsistent bug]]>
  </system-out>
  <testcase name="a" time="0.001" classname="testngFlags.Flag3"/>
  <system-out>
    <![CDATA[hi I am inconsistent bug]]>
  </system-out>
  <testcase name="a" time="0.002" classname="testngFlags.Flag3"/>
  <system-out>
    <![CDATA[hi I am inconsistent bug]]>
  </system-out>
  <testcase name="a" time="0.001" classname="testngFlags.Flag3"/>
  <system-out>
    <![CDATA[hi I am inconsistent bug]]>
  </system-out>
  <testcase name="a" time="0.001" classname="testngFlags.Flag3"/>
  <system-out>
    <![CDATA[hi I am inconsistent bug]]>
  </system-out>
  <testcase name="a" time="0.001" classname="testngFlags.Flag3"/>
  <system-out>
    <![CDATA[hi I am inconsistent bug]]>
  </system-out>
  <testcase name="a" time="0.000" classname="testngFlags.Flag3"/>
  <system-out>
    <![CDATA[hi I am inconsistent bug]]>
  </system-out>
  <testcase name="a" time="0.001" classname="testngFlags.Flag3"/>
  <system-out>
    <![CDATA[hi I am inconsistent bug]]>
  </system-out>
  <testcase name="a" time="0.001" classname="testngFlags.Flag3"/>
  <system-out>
    <![CDATA[hi I am inconsistent bug]]>
  </system-out>
  <testcase name="a" time="0.001" classname="testngFlags.Flag3"/>
  <system-out>
    <![CDATA[hi I am inconsistent bug]]>
  </system-out>
  <testcase name="a" time="0.001" classname="testngFlags.Flag3"/>
  <system-out>
    <![CDATA[hi I am inconsistent bug]]>
  </system-out>
  <testcase name="a" time="0.001" classname="testngFlags.Flag3"/>
  <system-out>
    <![CDATA[hi I am inconsistent bug]]>
  </system-out>
  <testcase name="a" time="0.000" classname="testngFlags.Flag3"/>
  <system-out>
    <![CDATA[hi I am inconsistent bug]]>
  </system-out>
  <testcase name="a" time="0.001" classname="testngFlags.Flag3"/>
  <system-out>
    <![CDATA[hi I am inconsistent bug]]>
  </system-out>
  <testcase name="a" time="0.001" classname="testngFlags.Flag3"/>
  <system-out>
    <![CDATA[hi I am inconsistent bug]]>
  </system-out>
</testsuite> <!-- testngFlags.Flag3 -->
