<?xml version="1.0" encoding="UTF-8"?>
<!-- Generated by org.testng.reporters.JUnitReportReporter -->
<testsuite skipped="0" hostname="LAPTOP-SMC8HIAI" name="parallelExecution.Class4" tests="1" failures="0" timestamp="2021-11-16T08:44:45 IST" time="33.596" errors="0">
  <testcase name="google4" time="33.596" classname="parallelExecution.Class4"/>
  <system-out/>
</testsuite> <!-- parallelExecution.Class4 -->
