<?xml version="1.0" encoding="UTF-8"?>
<!-- Generated by org.testng.reporters.JUnitReportReporter -->
<testsuite skipped="0" hostname="LAPTOP-SMC8HIAI" name="testng1.ActiTimeLogin" tests="1" failures="0" timestamp="2021-11-13T12:43:41 IST" time="5.498" errors="0">
  <testcase name="a" time="5.498" classname="testng1.ActiTimeLogin"/>
  <system-out/>
</testsuite> <!-- testng1.ActiTimeLogin -->
