<?xml version="1.0" encoding="UTF-8"?>
<!-- Generated by org.testng.reporters.JUnitReportReporter -->
<testsuite skipped="0" hostname="LAPTOP-SMC8HIAI" name="testng.Demo" tests="1" failures="0" timestamp="2021-11-06T09:28:59 IST" time="0.009" errors="0">
  <testcase name="a" time="0.009" classname="testng.Demo"/>
  <system-out>
    <![CDATA[Demo class]]>
  </system-out>
</testsuite> <!-- testng.Demo -->
