<?xml version="1.0" encoding="UTF-8"?>
<!-- Generated by org.testng.reporters.JUnitReportReporter -->
<testsuite skipped="0" hostname="LAPTOP-SMC8HIAI" name="parallelExecution.Class3" tests="1" failures="0" timestamp="2021-11-16T08:44:45 IST" time="78.768" errors="0">
  <testcase name="google3" time="78.768" classname="parallelExecution.Class3"/>
  <system-out/>
</testsuite> <!-- parallelExecution.Class3 -->
