<?xml version="1.0" encoding="UTF-8"?>
<!-- Generated by org.testng.reporters.JUnitReportReporter -->
<testsuite skipped="0" hostname="LAPTOP-SMC8HIAI" name="testng1.ANnotations" tests="2" failures="0" timestamp="2021-11-13T09:08:08 IST" time="0.008" errors="0">
  <testcase name="a" time="0.005" classname="testng1.ANnotations"/>
  <system-out>
    <![CDATA[Test script /scenario A]]>
  </system-out>
  <testcase name="z" time="0.003" classname="testng1.ANnotations"/>
  <system-out>
    <![CDATA[Test script /scenario Z]]>
  </system-out>
</testsuite> <!-- testng1.ANnotations -->
