<?xml version="1.0" encoding="UTF-8"?>
<!-- Generated by org.testng.reporters.JUnitReportReporter -->
<testsuite skipped="0" hostname="LAPTOP-SMC8HIAI" name="testng.Remo" tests="1" failures="0" timestamp="2021-11-06T09:28:59 IST" time="0.001" errors="0">
  <testcase name="b" time="0.001" classname="testng.Remo"/>
  <system-out>
    <![CDATA[Remo class]]>
  </system-out>
</testsuite> <!-- testng.Remo -->
