<?xml version="1.0" encoding="UTF-8"?>
<!-- Generated by org.testng.reporters.JUnitReportReporter -->
<testsuite skipped="0" hostname="LAPTOP-SMC8HIAI" name="testng1.ArithmeticOperations" tests="5" failures="0" timestamp="2021-11-14T19:46:29 IST" time="21.621" errors="0">
  <testcase name="launchApp" time="5.750" classname="testng1.ArithmeticOperations"/>
  <system-out/>
  <testcase name="add" time="3.616" classname="testng1.ArithmeticOperations"/>
  <system-out>
    <![CDATA[The result of addition is :  12 ]]>
  </system-out>
  <testcase name="sub" time="3.555" classname="testng1.ArithmeticOperations"/>
  <system-out>
    <![CDATA[The result of subtraction is :  2 ]]>
  </system-out>
  <testcase name="multiplication" time="4.495" classname="testng1.ArithmeticOperations"/>
  <system-out>
    <![CDATA[The result of multiplication is :  35 ]]>
  </system-out>
  <testcase name="division" time="4.205" classname="testng1.ArithmeticOperations"/>
  <system-out>
    <![CDATA[The result of division is :  1.4 ]]>
  </system-out>
</testsuite> <!-- testng1.ArithmeticOperations -->
