<?xml version="1.0" encoding="UTF-8"?>
<!-- Generated by org.testng.reporters.JUnitReportReporter -->
<testsuite skipped="0" hostname="LAPTOP-SMC8HIAI" name="testng1.Sumo" tests="1" failures="0" timestamp="2021-11-08T08:49:18 IST" time="0.000" errors="0">
  <testcase name="c" time="0.000" classname="testng1.Sumo"/>
  <system-out/>
</testsuite> <!-- testng1.Sumo -->
