<?xml version="1.0" encoding="UTF-8"?>
<!-- Generated by org.testng.reporters.JUnitReportReporter -->
<testsuite skipped="0" hostname="LAPTOP-SMC8HIAI" name="dataProvider.DataDrivenApproachUsingDataProvider" tests="10" failures="0" timestamp="2021-11-15T09:59:56 IST" time="79.142" errors="0">
  <testcase name="testActiTimeLogin" time="7.216" classname="dataProvider.DataDrivenApproachUsingDataProvider"/>
  <system-out/>
  <testcase name="testActiTimeLogin" time="9.372" classname="dataProvider.DataDrivenApproachUsingDataProvider"/>
  <system-out/>
  <testcase name="testActiTimeLogin" time="7.390" classname="dataProvider.DataDrivenApproachUsingDataProvider"/>
  <system-out/>
  <testcase name="testActiTimeLogin" time="7.347" classname="dataProvider.DataDrivenApproachUsingDataProvider"/>
  <system-out/>
  <testcase name="testActiTimeLogin" time="8.312" classname="dataProvider.DataDrivenApproachUsingDataProvider"/>
  <system-out/>
  <testcase name="testActiTimeLogin" time="8.624" classname="dataProvider.DataDrivenApproachUsingDataProvider"/>
  <system-out/>
  <testcase name="testActiTimeLogin" time="8.399" classname="dataProvider.DataDrivenApproachUsingDataProvider"/>
  <system-out/>
  <testcase name="testActiTimeLogin" time="8.251" classname="dataProvider.DataDrivenApproachUsingDataProvider"/>
  <system-out/>
  <testcase name="testActiTimeLogin" time="6.964" classname="dataProvider.DataDrivenApproachUsingDataProvider"/>
  <system-out/>
  <testcase name="testActiTimeLogin" time="7.267" classname="dataProvider.DataDrivenApproachUsingDataProvider"/>
  <system-out/>
</testsuite> <!-- dataProvider.DataDrivenApproachUsingDataProvider -->
