<?xml version="1.0" encoding="UTF-8"?>
<!-- Generated by org.testng.reporters.JUnitReportReporter -->
<testsuite skipped="0" hostname="LAPTOP-SMC8HIAI" name="testng1.Demo" tests="3" failures="0" timestamp="2021-11-08T09:13:27 IST" time="0.000" errors="0">
  <testcase name="login" time="0.000" classname="testng1.Demo"/>
  <system-out>
    <![CDATA[login]]>
  </system-out>
  <testcase name="action" time="0.000" classname="testng1.Demo"/>
  <system-out>
    <![CDATA[perform the action]]>
  </system-out>
  <testcase name="logout" time="0.000" classname="testng1.Demo"/>
  <system-out>
    <![CDATA[logout]]>
  </system-out>
</testsuite> <!-- testng1.Demo -->
