<?xml version="1.0" encoding="UTF-8"?>
<!-- Generated by org.testng.reporters.JUnitReportReporter -->
<testsuite skipped="0" hostname="LAPTOP-SMC8HIAI" name="testngFlags.Flag9" tests="2" failures="0" timestamp="2021-11-10T09:28:06 IST" time="21.336" errors="0">
  <testcase name="launchBrowser" time="13.421" classname="testngFlags.Flag9"/>
  <system-out/>
  <testcase name="launchBrowser" time="7.915" classname="testngFlags.Flag9"/>
  <system-out/>
</testsuite> <!-- testngFlags.Flag9 -->
