<?xml version="1.0" encoding="UTF-8"?>
<!-- Generated by org.testng.reporters.JUnitReportReporter -->
<testsuite skipped="0" hostname="LAPTOP-SMC8HIAI" name="parallelExecution.MethodsParallely" tests="2" failures="0" timestamp="2021-11-16T08:49:31 IST" time="0.014" errors="0">
  <testcase name="b" time="0.007" classname="parallelExecution.MethodsParallely"/>
  <system-out>
    <![CDATA[method215]]>
  </system-out>
  <testcase name="a" time="0.007" classname="parallelExecution.MethodsParallely"/>
  <system-out>
    <![CDATA[method114]]>
  </system-out>
</testsuite> <!-- parallelExecution.MethodsParallely -->
