<?xml version="1.0" encoding="UTF-8"?>
<!-- Generated by org.testng.reporters.JUnitReportReporter -->
<testsuite skipped="0" hostname="LAPTOP-SMC8HIAI" name="testng1.Sumo1" tests="3" failures="0" timestamp="2021-11-08T09:54:23 IST" time="0.000" errors="0">
  <testcase name="c" time="0.000" classname="testng1.Sumo1"/>
  <system-out>
    <![CDATA[Sumo1 class]]>
  </system-out>
  <testcase name="c" time="0.000" classname="testng1.Sumo1"/>
  <system-out>
    <![CDATA[Sumo1 class]]>
  </system-out>
  <testcase name="c" time="0.000" classname="testng1.Sumo1"/>
  <system-out>
    <![CDATA[Sumo1 class]]>
  </system-out>
</testsuite> <!-- testng1.Sumo1 -->
